<?xml version="1.0" encoding="UTF-8"?>
<!-- Generated by org.testng.reporters.JUnitReportReporter -->
<testsuite hostname="PNVD016" failures="0" tests="3" name="projectRefill.login" time="0.117" errors="0" timestamp="10 Mar 2022 02:24:43 GMT">
  <testcase classname="projectRefill.login" name="TC_01_ValidateCurrentUrl" time="0.024"/>
  <testcase classname="projectRefill.login" name="TC_02_ValidatePageTitle" time="0.016"/>
  <testcase classname="projectRefill.login" name="TC_03_LoginFormDisplayed" time="0.077"/>
</testsuite> <!-- projectRefill.login -->
